    OpenRGB v0.9
    Commit:  from 
    Launched: 20241209_204314
====================================================================================================

1004  |Info:    ------------------------------------------------------
1004  |Info:    |               Start device detection               |
1004  |Info:    ------------------------------------------------------
1004  |Info:    Initializing HID interfaces: Success
1013  |Info:    ------------------------------------------------------
1013  |Info:    |             Detecting I2C interfaces               |
1013  |Info:    ------------------------------------------------------
1013  |Info:    Registering I2C interface: /dev/i2c-3 Device 1022:790B Subsystem: 1043:18F1
1013  |Info:    Registering I2C interface: /dev/i2c-1 Device 1002:15D8 Subsystem: 1043:18F1
1013  |Info:    Registering I2C interface: /dev/i2c-4 Device 1022:790B Subsystem: 1043:18F1
1013  |Warning: [i2c_smbus_linux] Failed to read i2c device PCI device ID
1013  |Info:    Registering I2C interface: /dev/i2c-2 Device 0000:0000 Subsystem: 0000:0000
1013  |Info:    Registering I2C interface: /dev/i2c-0 Device 0000:0000 Subsystem: 0000:0000
1013  |Info:    Registering I2C interface: /dev/i2c-5 Device 1022:790B Subsystem: 1043:18F1
1013  |Info:    ------------------------------------------------------
1013  |Info:    |               Detecting I2C devices                |
1013  |Info:    ------------------------------------------------------
1869  |Info:    ------------------------------------------------------
1869  |Info:    |               Detecting I2C PCI devices            |
1869  |Info:    ------------------------------------------------------
1876  |Info:    ------------------------------------------------------
1876  |Info:    |               Detecting HID devices                |
1876  |Info:    ------------------------------------------------------
1901  |Info:    [Razer Deathadder Essential V2] Registering RGB controller
1902  |Info:    ------------------------------------------------------
1902  |Info:    |            Detecting libusb HID devices            |
1902  |Info:    ------------------------------------------------------
1952  |Info:    ------------------------------------------------------
1952  |Info:    |              Detecting other devices               |
1952  |Info:    ------------------------------------------------------
1952  |Info:    [ASUS TUF Keyboard] Registering RGB controller
1960  |Info:    ------------------------------------------------------
1960  |Info:    |                Detection completed                 |
1960  |Info:    ------------------------------------------------------
1960  |Dialog:  <h2>WARNING:</h2><p>One or more I2C/SMBus interfaces failed to initialize.</p><p>RGB DRAM modules and some motherboards' onboard RGB lighting will not be available without I2C/SMBus.</p><p>On Linux, this is usually because the i2c-dev module is not loaded.  You must load the i2c-dev module along with the correct i2c driver for your motherboard.  This is usually i2c-piix4 for AMD systems and i2c-i801 for Intel systems.</p><p>See <a href='https://help.openrgb.org/'>help.openrgb.org</a> for additional troubleshooting steps if you keep seeing this message.<br></p>
1065631|Info:    ------------------------------------------------------
1065631|Info:    |               Start device detection               |
1065631|Info:    ------------------------------------------------------
1065631|Info:    Initializing HID interfaces: Success
1065637|Info:    ------------------------------------------------------
1065637|Info:    |             Detecting I2C interfaces               |
1065637|Info:    ------------------------------------------------------
1065637|Info:    Registering I2C interface: /dev/i2c-3 Device 1022:790B Subsystem: 1043:18F1
1065638|Info:    Registering I2C interface: /dev/i2c-1 Device 1002:15D8 Subsystem: 1043:18F1
1065638|Info:    Registering I2C interface: /dev/i2c-4 Device 1022:790B Subsystem: 1043:18F1
1065638|Warning: [i2c_smbus_linux] Failed to read i2c device PCI device ID
1065638|Info:    Registering I2C interface: /dev/i2c-2 Device 0000:0000 Subsystem: 0000:0000
1065638|Info:    Registering I2C interface: /dev/i2c-0 Device 0000:0000 Subsystem: 0000:0000
1065638|Info:    Registering I2C interface: /dev/i2c-5 Device 1022:790B Subsystem: 1043:18F1
1065638|Info:    ------------------------------------------------------
1065638|Info:    |               Detecting I2C devices                |
1065638|Info:    ------------------------------------------------------
1066497|Info:    ------------------------------------------------------
1066497|Info:    |               Detecting I2C PCI devices            |
1066497|Info:    ------------------------------------------------------
1066505|Info:    ------------------------------------------------------
1066505|Info:    |               Detecting HID devices                |
1066505|Info:    ------------------------------------------------------
1066530|Info:    [Razer Deathadder Essential V2] Registering RGB controller
1066530|Info:    ------------------------------------------------------
1066530|Info:    |            Detecting libusb HID devices            |
1066531|Info:    ------------------------------------------------------
1066566|Info:    ------------------------------------------------------
1066566|Info:    |              Detecting other devices               |
1066566|Info:    ------------------------------------------------------
1066566|Info:    [ASUS TUF Keyboard] Registering RGB controller
1066569|Info:    ------------------------------------------------------
1066569|Info:    |                Detection completed                 |
1066569|Info:    ------------------------------------------------------
1066569|Dialog:  <h2>WARNING:</h2><p>One or more I2C/SMBus interfaces failed to initialize.</p><p>RGB DRAM modules and some motherboards' onboard RGB lighting will not be available without I2C/SMBus.</p><p>On Linux, this is usually because the i2c-dev module is not loaded.  You must load the i2c-dev module along with the correct i2c driver for your motherboard.  This is usually i2c-piix4 for AMD systems and i2c-i801 for Intel systems.</p><p>See <a href='https://help.openrgb.org/'>help.openrgb.org</a> for additional troubleshooting steps if you keep seeing this message.<br></p>
