    OpenRGB v0.9
    Commit:  from 
    Launched: 20241205_233742
====================================================================================================

1003  |Info:    Saving detector settings
1007  |Info:    ------------------------------------------------------
1007  |Info:    |               Start device detection               |
1007  |Info:    ------------------------------------------------------
1008  |Info:    Initializing HID interfaces: Success
1013  |Info:    ------------------------------------------------------
1013  |Info:    |             Detecting I2C interfaces               |
1013  |Info:    ------------------------------------------------------
1014  |Info:    Registering I2C interface: /dev/i2c-3 Device 1022:790B Subsystem: 1043:18F1
1014  |Info:    Registering I2C interface: /dev/i2c-1 Device 1002:15D8 Subsystem: 1043:18F1
1014  |Info:    Registering I2C interface: /dev/i2c-4 Device 1022:790B Subsystem: 1043:18F1
1014  |Warning: [i2c_smbus_linux] Failed to read i2c device PCI device ID
1015  |Info:    Registering I2C interface: /dev/i2c-2 Device 0000:0000 Subsystem: 0000:0000
1015  |Info:    Registering I2C interface: /dev/i2c-0 Device 0000:0000 Subsystem: 0000:0000
1015  |Info:    Registering I2C interface: /dev/i2c-5 Device 1022:790B Subsystem: 1043:18F1
1015  |Info:    ------------------------------------------------------
1015  |Info:    |               Detecting I2C devices                |
1015  |Info:    ------------------------------------------------------
1884  |Info:    ------------------------------------------------------
1884  |Info:    |               Detecting I2C PCI devices            |
1884  |Info:    ------------------------------------------------------
1891  |Info:    ------------------------------------------------------
1891  |Info:    |               Detecting HID devices                |
1891  |Info:    ------------------------------------------------------
1891  |Info:    ------------------------------------------------------
1891  |Info:    |            Detecting libusb HID devices            |
1891  |Info:    ------------------------------------------------------
1898  |Info:    ------------------------------------------------------
1898  |Info:    |              Detecting other devices               |
1898  |Info:    ------------------------------------------------------
1898  |Info:    [ASUS TUF Keyboard] Registering RGB controller
1903  |Info:    ------------------------------------------------------
1903  |Info:    |                Detection completed                 |
1903  |Info:    ------------------------------------------------------
1903  |Dialog:  <h2>WARNING:</h2><p>One or more I2C/SMBus interfaces failed to initialize.</p><p>RGB DRAM modules and some motherboards' onboard RGB lighting will not be available without I2C/SMBus.</p><p>On Linux, this is usually because the i2c-dev module is not loaded.  You must load the i2c-dev module along with the correct i2c driver for your motherboard.  This is usually i2c-piix4 for AMD systems and i2c-i801 for Intel systems.</p><p>See <a href='https://help.openrgb.org/'>help.openrgb.org</a> for additional troubleshooting steps if you keep seeing this message.<br></p>
