    OpenRGB v0.9
    Commit:  from 
    Launched: 20241205_233806
====================================================================================================

1002  |Info:    ------------------------------------------------------
1002  |Info:    |               Start device detection               |
1002  |Info:    ------------------------------------------------------
1003  |Info:    Initializing HID interfaces: Success
1009  |Info:    ------------------------------------------------------
1009  |Info:    |             Detecting I2C interfaces               |
1009  |Info:    ------------------------------------------------------
1009  |Info:    Registering I2C interface: /dev/i2c-3 Device 1022:790B Subsystem: 1043:18F1
1009  |Info:    Registering I2C interface: /dev/i2c-1 Device 1002:15D8 Subsystem: 1043:18F1
1010  |Info:    Registering I2C interface: /dev/i2c-4 Device 1022:790B Subsystem: 1043:18F1
1010  |Warning: [i2c_smbus_linux] Failed to read i2c device PCI device ID
1010  |Info:    Registering I2C interface: /dev/i2c-2 Device 0000:0000 Subsystem: 0000:0000
1011  |Info:    Registering I2C interface: /dev/i2c-0 Device 0000:0000 Subsystem: 0000:0000
1011  |Info:    Registering I2C interface: /dev/i2c-5 Device 1022:790B Subsystem: 1043:18F1
1011  |Info:    ------------------------------------------------------
1011  |Info:    |               Detecting I2C devices                |
1011  |Info:    ------------------------------------------------------
1869  |Info:    ------------------------------------------------------
1869  |Info:    |               Detecting I2C PCI devices            |
1869  |Info:    ------------------------------------------------------
1877  |Info:    ------------------------------------------------------
1877  |Info:    |               Detecting HID devices                |
1877  |Info:    ------------------------------------------------------
1877  |Info:    ------------------------------------------------------
1877  |Info:    |            Detecting libusb HID devices            |
1877  |Info:    ------------------------------------------------------
1886  |Info:    ------------------------------------------------------
1886  |Info:    |              Detecting other devices               |
1886  |Info:    ------------------------------------------------------
1887  |Info:    [ASUS TUF Keyboard] Registering RGB controller
1899  |Info:    ------------------------------------------------------
1899  |Info:    |                Detection completed                 |
1899  |Info:    ------------------------------------------------------
1899  |Dialog:  <h2>WARNING:</h2><p>One or more I2C/SMBus interfaces failed to initialize.</p><p>RGB DRAM modules and some motherboards' onboard RGB lighting will not be available without I2C/SMBus.</p><p>On Linux, this is usually because the i2c-dev module is not loaded.  You must load the i2c-dev module along with the correct i2c driver for your motherboard.  This is usually i2c-piix4 for AMD systems and i2c-i801 for Intel systems.</p><p>See <a href='https://help.openrgb.org/'>help.openrgb.org</a> for additional troubleshooting steps if you keep seeing this message.<br></p>
